 Process in group number            0
 No PDF is used, alpha_s(MZ) from param_card is used
 Value of alpha_s from param_card:   0.11800000071525575     
 The default order of alpha_s running is fixed to            2
 *****************************************************
 *               MadGraph/MadEvent                   *
 *        --------------------------------           *
 *          http://madgraph.hep.uiuc.edu             *
 *          http://madgraph.phys.ucl.ac.be           *
 *          http://madgraph.roma2.infn.it            *
 *        --------------------------------           *
 *                                                   *
 *          PARAMETER AND COUPLING VALUES            *
 *                                                   *
 *****************************************************

  External Params
  ---------------------------------
  
 aEWM1 =    132.50700378417969     
 mdl_Gf =    1.1663900000000000E-005
 aS =   0.11800000071525575     
 mdl_ymb =    4.6999998092651367     
 mdl_ymt =    173.00000000000000     
 mdl_ymtau =    1.7769999504089355     
 mdl_MZ =    91.188003540039063     
 mdl_MT =    173.00000000000000     
 mdl_MB =    4.6999998092651367     
 mdl_MH =    125.00000000000000     
 mdl_MTA =    1.7769999504089355     
 mdl_WZ =    2.4414041042327881     
 mdl_WW =    2.0476000308990479     
 mdl_WT =    1.4915000200271606     
 mdl_WH =    6.3823391683399677E-003
  Internal Params
  ---------------------------------
  
 mdl_conjg__CKM3x3 =    1.0000000000000000     
 mdl_CKM3x3 =    1.0000000000000000     
 mdl_conjg__CKM1x1 =    1.0000000000000000     
 mdl_complexi =  (  0.0000000000000000     ,  1.0000000000000000     )
 mdl_MZ__exp__2 =    8315.2519896181766     
 mdl_MZ__exp__4 =    69143415.650849044     
 mdl_sqrt__2 =    1.4142135623730951     
 mdl_MH__exp__2 =    15625.000000000000     
 mdl_aEW =    7.5467708984556505E-003
 mdl_MW =    80.419007276179556     
 mdl_sqrt__aEW =    8.6872152606319419E-002
 mdl_ee =   0.30795376284704501     
 mdl_MW__exp__2 =    6467.2167312862202     
 mdl_sw2 =   0.22224645274001076     
 mdl_cw =   0.88190336616887299     
 mdl_sqrt__sw2 =   0.47143022043565552     
 mdl_sw =   0.47143022043565552     
 mdl_g1 =   0.34919218438279087     
 mdl_gw =   0.65323296958447097     
 mdl_vev =    246.21845810181631     
 mdl_vev__exp__2 =    60623.529110035874     
 mdl_lam =   0.12886910601690271     
 mdl_yb =    2.6995553154934990E-002
 mdl_yt =   0.99366614581500645     
 mdl_ytau =    1.0206616715816789E-002
 mdl_muH =    88.388347648318444     
 mdl_I1x33 =  (  2.6995553154934990E-002,  0.0000000000000000     )
 mdl_I2x33 =  ( 0.99366614581500645     ,  0.0000000000000000     )
 mdl_I3x33 =  ( 0.99366614581500645     ,  0.0000000000000000     )
 mdl_I4x33 =  (  2.6995553154934990E-002,  0.0000000000000000     )
 mdl_ee__exp__2 =    9.4835520051654035E-002
 mdl_sw__exp__2 =   0.22224645274001076     
 mdl_cw__exp__2 =   0.77775354725998924     
  Internal Params evaluated point by point
  ----------------------------------------
  
 mdl_sqrt__aS =   0.34351128178744839     
 mdl_G__exp__2 =    1.4828317414825511     
  Couplings of sm
  ---------------------------------
  
         GC_3 =  -0.00000E+00  -0.30795E+00
         GC_4 =   0.00000E+00   0.30795E+00
        GC_50 =  -0.00000E+00  -0.28804E+00
        GC_53 =   0.00000E+00   0.57609E+00
        GC_59 =   0.00000E+00   0.82310E-01
       GC_100 =   0.00000E+00   0.46191E+00

 Collider parameters:
 --------------------

 Running at e e   machine @    796.00000000000000       GeV
 PDF set = none   
 alpha_s(Mz)= 0.1180 running at 2 loops.
 alpha_s(Mz)= 0.1180 running at 2 loops.
 Renormalization scale set on event-by-event basis
 Factorization   scale set on event-by-event basis


 getting user params
Enter number of events and max and min iterations: 
 Number of events and iterations         2000           9           3
Enter desired fractional accuracy: 
 Desired fractional accuracy:   -1200.9000000000001     
Enter 0 for fixed, 2 for adjustable grid: 
Suppress amplitude (0 no, 1 yes)? 
 Using suppressed amplitude.
Exact helicity sum (0 yes, n = number/event)? 
 Explicitly summing over helicities
Enter Configuration Number: 
Running Configuration Number:    3
 Not subdividing B.W.
 Attempting mappinvarients           1           4
 Completed mapping           4
 about to integrate            2        2000           9           3           2           1
 Using non-zero grid deformation.
  2 dimensions   2000 events  2 invarients  9 iterations  1 config(s),  (0.99)
 Using h-tuple random number sequence.
 Error opening grid
 Using Uniform Grid!
 Using uniform alpha   1.0000000000000000     
 Grid defined OK
 Set CM energy to        796.00
 Mapping Graph           3  to config           3
Setting grid   1    0.10207E-01   1
 Masses: 0.000E+00 0.000E+00 0.804E+02 0.804E+02
   3   1   2
 Got moffset          18
Using random seed offsets     3 :      1
  with seed                   27
 Ranmar initialization seeds        4637        6066
  Particle       3       4
      Et >     0.0     0.0
       E >     0.0     0.0
     Eta <    -1.0    -1.0
   xqcut:      0.0     0.0
d R # 3  >    -0.0     0.0
s min # 3>     0.0     0.0
xqcutij # 3>     0.0     0.0
 alpha_s for scale    19.949937343260004       is   0.15336344240298577     
 Added good helicity           11   4.0817158665589279E-004  in event            1
 Added good helicity           14   1.4534235756825031E-004  in event            1
 Added good helicity           15   4.0817158665589279E-004  in event            1
 Added good helicity           19   3.7829913667374090E-003  in event            1
 Added good helicity           20   5.1862837260781714E-003  in event            1
 Added good helicity           21   1.7529663435081680E-003  in event            1
 Added good helicity           22   1.3141946534000885E-004  in event            1
 Added good helicity           23   9.3476776779927145E-003  in event            1
 Added good helicity           24   5.1862837260781697E-003  in event            1
 Added good helicity           25   35.969736125211767       in event            1
 Added good helicity           26   1.3141946534001925E-004  in event            1
 Added good helicity           27   3.7829913667374068E-003  in event            1
 Added good helicity           10   4.2828075271959154E-005  in event            2
 Added good helicity           13   4.1973689352309149E-004  in event            2
 Added good helicity           17   4.1973689352309187E-004  in event            2
 Added good helicity           18   4.2828075271959154E-005  in event            2
 Iteration  1   Mean: 0.2964E+01 Abs mean: 0.2964E+01   Fluctuation:  0.459E+00   0.605E+03   100.0%
  1    0.2964E+01 0.2964E+01 +- 0.4593E+00      6.93
 Writing out events   1.6472963973240083E-004   6.9310382167611584     
 Relative summed weights:
  0.1000E+01  0.0000E+00
 Relative number of events:
  0.1000E+01  0.0000E+00
 Events:
        2000           0
 Iteration  2   Mean: 0.2541E+01 Abs mean: 0.2541E+01   Fluctuation:  0.158E+00   0.242E+03    99.9%
  2    0.2541E+01 0.2541E+01 +- 0.1583E+00      3.94
 Relative summed weights:
  0.1000E+01  0.0000E+00
 Relative number of events:
  0.1000E+01  0.0000E+00
 Events:
        4000           0
 Iteration  3   Mean: 0.2775E+01 Abs mean: 0.2775E+01   Fluctuation:  0.440E-01   0.385E+02    99.5%
  3    0.2775E+01 0.2775E+01 +- 0.4396E-01      1.42
 Relative summed weights:
  0.1000E+01  0.0000E+00
 Relative number of events:
  0.1000E+01  0.0000E+00
 Events:
        8000           0
 Found          878  events.
 Wrote          849  events.
 Actual xsec    2.7627768840039701     
 Correct abs xsec    2.7627768840039701     
 Event xsec    2.7627768840040225     
 Events wgts > 1:           58
 % Cross section > 1:    2.6544319405705234E-002  0.96078404157035024     
 Checking number of events   3317.8187600003680              849  chi2:    1.1138979459748317     
 Found          878  events.
 Wrote          852  events.
 Actual xsec    2.7627768840039701     
 Correct abs xsec    2.7627768840039701     
 Event xsec    2.7627768840040154     
 Events wgts > 1:           58
 % Cross section > 1:    2.6451748366167548E-002  0.95743338954797419     
 Iteration  4   Mean: 0.2727E+01 Abs mean: 0.2727E+01   Fluctuation:  0.174E-01   0.148E+02    99.5%
  4    0.2727E+01 0.2727E+01 +- 0.1737E-01      0.81
 Relative summed weights:
  0.1000E+01  0.0000E+00
 Relative number of events:
  0.1000E+01  0.0000E+00
 Events:
       16000           0
 Found         1566  events.
 Wrote         1562  events.
 Actual xsec    2.7319158681857849     
 Correct abs xsec    2.7319158681857849     
 Event xsec    2.7319158681857520     
 Events wgts > 1:            0
 % Cross section > 1:    0.0000000000000000        0.0000000000000000     
 Checking number of events   3280.7577661043092             1562  chi2:    1.2470835991369542     
 Found         1566  events.
 Wrote         1562  events.
 Actual xsec    2.7319158681857849     
 Correct abs xsec    2.7319158681857849     
 Event xsec    2.7319158681857520     
 Events wgts > 1:            0
 % Cross section > 1:    0.0000000000000000        0.0000000000000000     
 Iteration  5   Mean: 0.2727E+01 Abs mean: 0.2727E+01   Fluctuation:  0.790E-02   0.846E+01    99.6%
  5    0.2727E+01 0.2727E+01 +- 0.7904E-02      0.52
 Relative summed weights:
  0.1000E+01  0.0000E+00
 Relative number of events:
  0.1000E+01  0.0000E+00
 Events:
       32000           0
 Found         3222  events.
 Wrote         3220  events.
 Actual xsec    2.7281590280382879     
 Correct abs xsec    2.7281590280382879     
 Event xsec    2.7281590280381716     
 Events wgts > 1:            0
 % Cross section > 1:    0.0000000000000000        0.0000000000000000     
 Checking number of events   3276.2461767711802             3220  chi2:   0.58421129382345294     
 Found         3222  events.
 Wrote         3220  events.
 Actual xsec    2.7281590280382879     
 Correct abs xsec    2.7281590280382879     
 Event xsec    2.7281590280381716     
 Events wgts > 1:            0
 % Cross section > 1:    0.0000000000000000        0.0000000000000000     
 Iteration  6   Mean: 0.2734E+01 Abs mean: 0.2734E+01   Fluctuation:  0.381E-02   0.591E+01    99.7%
  6    0.2734E+01 0.2734E+01 +- 0.3814E-02      0.35
 Relative summed weights:
  0.1000E+01  0.0000E+00
 Relative number of events:
  0.1000E+01  0.0000E+00
 Events:
       64000           0
 Found         6433  events.
 Wrote         6429  events.
 Actual xsec    2.7323821289120356     
 Correct abs xsec    2.7323821289120356     
 Event xsec    2.7323821289122669     
 Events wgts > 1:            0
 % Cross section > 1:    0.0000000000000000        0.0000000000000000     
 Checking number of events   3281.3176986104636             6429  chi2:   0.37657131491149604     

 -------------------------------------------------------------------------------
 Accumulated results:   Integral =  0.2733E+01
                        Std dev  =  0.3359E-02
                       Cross sec =  0.6553E+00
             Chi**2 per DoF.     =
-------------------------------------------------
---------------------------
 Results Last   3 iters: Integral =   0.2732E+01
                     Abs integral =   0.2732E+01
                          Std dev =   0.3369E-02
                  Chi**2 per DoF. =      0.3766
-------------------------------------------------
---------------------------
 Status  -1200.9000000000001                7           9
 We found enough events        6429   3281.3176986104636     

ls status:
events.lhe
ftn25
ftn26
input_sg.txt
moffset.dat
results.dat
run1_app.log
