 Process in group number            0
 No PDF is used, alpha_s(MZ) from param_card is used
 Value of alpha_s from param_card:   0.11800000071525575     
 The default order of alpha_s running is fixed to            2
 *****************************************************
 *               MadGraph/MadEvent                   *
 *        --------------------------------           *
 *          http://madgraph.hep.uiuc.edu             *
 *          http://madgraph.phys.ucl.ac.be           *
 *          http://madgraph.roma2.infn.it            *
 *        --------------------------------           *
 *                                                   *
 *          PARAMETER AND COUPLING VALUES            *
 *                                                   *
 *****************************************************

  External Params
  ---------------------------------
  
 aEWM1 =    132.50700378417969     
 mdl_Gf =    1.1663900000000000E-005
 aS =   0.11800000071525575     
 mdl_ymb =    4.6999998092651367     
 mdl_ymt =    173.00000000000000     
 mdl_ymtau =    1.7769999504089355     
 mdl_MZ =    91.188003540039063     
 mdl_MT =    173.00000000000000     
 mdl_MB =    4.6999998092651367     
 mdl_MH =    125.00000000000000     
 mdl_MTA =    1.7769999504089355     
 mdl_WZ =    2.4414041042327881     
 mdl_WW =    2.0476000308990479     
 mdl_WT =    1.4915000200271606     
 mdl_WH =    6.3823391683399677E-003
  Internal Params
  ---------------------------------
  
 mdl_conjg__CKM3x3 =    1.0000000000000000     
 mdl_CKM3x3 =    1.0000000000000000     
 mdl_conjg__CKM1x1 =    1.0000000000000000     
 mdl_complexi =  (  0.0000000000000000     ,  1.0000000000000000     )
 mdl_MZ__exp__2 =    8315.2519896181766     
 mdl_MZ__exp__4 =    69143415.650849044     
 mdl_sqrt__2 =    1.4142135623730951     
 mdl_MH__exp__2 =    15625.000000000000     
 mdl_aEW =    7.5467708984556505E-003
 mdl_MW =    80.419007276179556     
 mdl_sqrt__aEW =    8.6872152606319419E-002
 mdl_ee =   0.30795376284704501     
 mdl_MW__exp__2 =    6467.2167312862202     
 mdl_sw2 =   0.22224645274001076     
 mdl_cw =   0.88190336616887299     
 mdl_sqrt__sw2 =   0.47143022043565552     
 mdl_sw =   0.47143022043565552     
 mdl_g1 =   0.34919218438279087     
 mdl_gw =   0.65323296958447097     
 mdl_vev =    246.21845810181631     
 mdl_vev__exp__2 =    60623.529110035874     
 mdl_lam =   0.12886910601690271     
 mdl_yb =    2.6995553154934990E-002
 mdl_yt =   0.99366614581500645     
 mdl_ytau =    1.0206616715816789E-002
 mdl_muH =    88.388347648318444     
 mdl_I1x33 =  (  2.6995553154934990E-002,  0.0000000000000000     )
 mdl_I2x33 =  ( 0.99366614581500645     ,  0.0000000000000000     )
 mdl_I3x33 =  ( 0.99366614581500645     ,  0.0000000000000000     )
 mdl_I4x33 =  (  2.6995553154934990E-002,  0.0000000000000000     )
 mdl_ee__exp__2 =    9.4835520051654035E-002
 mdl_sw__exp__2 =   0.22224645274001076     
 mdl_cw__exp__2 =   0.77775354725998924     
  Internal Params evaluated point by point
  ----------------------------------------
  
 mdl_sqrt__aS =   0.34351128178744839     
 mdl_G__exp__2 =    1.4828317414825511     
  Couplings of sm
  ---------------------------------
  
         GC_3 =  -0.00000E+00  -0.30795E+00
         GC_4 =   0.00000E+00   0.30795E+00
        GC_50 =  -0.00000E+00  -0.28804E+00
        GC_53 =   0.00000E+00   0.57609E+00
        GC_59 =   0.00000E+00   0.82310E-01
       GC_100 =   0.00000E+00   0.46191E+00

 Collider parameters:
 --------------------

 Running at e e   machine @    796.00000000000000       GeV
 PDF set = none   
 alpha_s(Mz)= 0.1180 running at 2 loops.
 alpha_s(Mz)= 0.1180 running at 2 loops.
 Renormalization scale set on event-by-event basis
 Factorization   scale set on event-by-event basis


 getting user params
Enter number of events and max and min iterations: 
 Number of events and iterations         2000           9           3
Enter desired fractional accuracy: 
 Desired fractional accuracy:   -2230.1999999999998     
Enter 0 for fixed, 2 for adjustable grid: 
Suppress amplitude (0 no, 1 yes)? 
 Using suppressed amplitude.
Exact helicity sum (0 yes, n = number/event)? 
 Explicitly summing over helicities
Enter Configuration Number: 
Running Configuration Number:    1
 Not subdividing B.W.
 Attempting mappinvarients           1           4
 Completed mapping           4
 about to integrate            2        2000           9           3           2           1
 Using non-zero grid deformation.
  2 dimensions   2000 events  2 invarients  9 iterations  1 config(s),  (0.99)
 Using h-tuple random number sequence.
 Error opening grid
 Using Uniform Grid!
 Using uniform alpha   1.0000000000000000     
 Grid defined OK
 Set CM energy to        796.00
 Mapping Graph           1  to config           1
Setting grid   1    0.40827E-01   1
 Masses: 0.000E+00 0.000E+00 0.804E+02 0.804E+02
   1   1   2
 Got moffset           8
Using random seed offsets     1 :      1
  with seed                   27
 Ranmar initialization seeds        4635        4577
  Particle       3       4
      Et >     0.0     0.0
       E >     0.0     0.0
     Eta <    -1.0    -1.0
   xqcut:      0.0     0.0
d R # 3  >    -0.0     0.0
s min # 3>     0.0     0.0
xqcutij # 3>     0.0     0.0
 alpha_s for scale    19.949937343260004       is   0.15336344240298577     
 Added good helicity           10   8.7896256975652454E-006  in event            1
 Added good helicity           11   4.8956869919676163E-003  in event            1
 Added good helicity           13   3.7869063752762312E-005  in event            1
 Added good helicity           14   2.1962429151367344E-002  in event            1
 Added good helicity           15   4.8956869919676163E-003  in event            1
 Added good helicity           17   3.7869063752762312E-005  in event            1
 Added good helicity           18   8.7896256975652454E-006  in event            1
 Added good helicity           19   2.4663142422644054E-003  in event            1
 Added good helicity           20   5.7548310979589928E-002  in event            1
 Added good helicity           21  0.27251911927169170       in event            1
 Added good helicity           22  0.14708272351806337       in event            1
 Added good helicity           23   5.0351333937531613E-002  in event            1
 Added good helicity           24   5.7548310979589984E-002  in event            1
 Added good helicity           25   35.231087728796744       in event            1
 Added good helicity           26  0.14708272351806340       in event            1
 Added good helicity           27   2.4663142422644054E-003  in event            1
 Iteration  1   Mean: 0.3231E+00 Abs mean: 0.3231E+00   Fluctuation:  0.262E-01   0.307E+02   100.0%
  1    0.3231E+00 0.3231E+00 +- 0.2617E-01      3.62
 Writing out events   1.7948537876802019E-005   3.6229137691019448     
 Relative summed weights:
  0.1000E+01  0.0000E+00
 Relative number of events:
  0.1000E+01  0.0000E+00
 Events:
        2000           0
 Iteration  2   Mean: 0.4237E+00 Abs mean: 0.4237E+00   Fluctuation:  0.164E-01   0.156E+02   100.0%
  2    0.4237E+00 0.4237E+00 +- 0.1640E-01      2.45
 Relative summed weights:
  0.1000E+01  0.0000E+00
 Relative number of events:
  0.1000E+01  0.0000E+00
 Events:
        4000           0
 Iteration  3   Mean: 0.4479E+00 Abs mean: 0.4479E+00   Fluctuation:  0.641E-02   0.472E+01   100.0%
  3    0.4479E+00 0.4479E+00 +- 0.6411E-02      1.28
 Relative summed weights:
  0.1000E+01  0.0000E+00
 Relative number of events:
  0.1000E+01  0.0000E+00
 Events:
        8000           0
 Found          830  events.
 Wrote          825  events.
 Actual xsec   0.44172382580336744     
 Correct abs xsec   0.44172382580336744     
 Event xsec   0.44172382580335862     
 Events wgts > 1:           15
 % Cross section > 1:    4.5379514618191217E-004  0.10273277547494740     
 Checking number of events   985.13247630667001              825  chi2:    11.342203183934911     
 Found          830  events.
 Wrote          825  events.
 Actual xsec   0.44172382580336744     
 Correct abs xsec   0.44172382580336744     
 Event xsec   0.44172382580335862     
 Events wgts > 1:           15
 % Cross section > 1:    4.5379514618191217E-004  0.10273277547494740     
 Iteration  4   Mean: 0.4460E+00 Abs mean: 0.4460E+00   Fluctuation:  0.251E-02   0.179E+01   100.0%
  4    0.4460E+00 0.4460E+00 +- 0.2511E-02      0.71
 Relative summed weights:
  0.1000E+01  0.0000E+00
 Relative number of events:
  0.1000E+01  0.0000E+00
 Events:
       16000           0
 Found         1576  events.
 Wrote         1571  events.
 Actual xsec   0.44584952344254647     
 Correct abs xsec   0.44584952344254647     
 Event xsec   0.44584952344253642     
 Events wgts > 1:            0
 % Cross section > 1:    0.0000000000000000        0.0000000000000000     
 Checking number of events   994.33360718156700             1571  chi2:   0.96414500524558699     

 -------------------------------------------------------------------------------
 Accumulated results:   Integral =  0.4453E+00
                        Std dev  =  0.2308E-02
                       Cross sec =  0.4430E+01
             Chi**2 per DoF.     =
-------------------------------------------------
---------------------------
 Results Last   3 iters: Integral =   0.4458E+00
                     Abs integral =   0.4458E+00
                          Std dev =   0.2315E-02
                  Chi**2 per DoF. =      0.9641
-------------------------------------------------
---------------------------
 Status  -2230.1999999999998                5           9
 We found enough events        1571   994.33360718156700     

ls status:
events.lhe
ftn25
ftn26
input_sg.txt
moffset.dat
results.dat
run1_app.log
