 Process in group number            0
 No PDF is used, alpha_s(MZ) from param_card is used
 Value of alpha_s from param_card:   0.11800000071525575     
 The default order of alpha_s running is fixed to            2
 *****************************************************
 *               MadGraph/MadEvent                   *
 *        --------------------------------           *
 *          http://madgraph.hep.uiuc.edu             *
 *          http://madgraph.phys.ucl.ac.be           *
 *          http://madgraph.roma2.infn.it            *
 *        --------------------------------           *
 *                                                   *
 *          PARAMETER AND COUPLING VALUES            *
 *                                                   *
 *****************************************************

  External Params
  ---------------------------------
  
 aEWM1 =    132.50700378417969     
 mdl_Gf =    1.1663900000000000E-005
 aS =   0.11800000071525575     
 mdl_ymb =    4.6999998092651367     
 mdl_ymt =    173.00000000000000     
 mdl_ymtau =    1.7769999504089355     
 mdl_MZ =    91.188003540039063     
 mdl_MT =    173.00000000000000     
 mdl_MB =    4.6999998092651367     
 mdl_MH =    125.00000000000000     
 mdl_MTA =    1.7769999504089355     
 mdl_WZ =    2.4414041042327881     
 mdl_WW =    2.0476000308990479     
 mdl_WT =    1.4915000200271606     
 mdl_WH =    6.3823391683399677E-003
  Internal Params
  ---------------------------------
  
 mdl_conjg__CKM3x3 =    1.0000000000000000     
 mdl_CKM3x3 =    1.0000000000000000     
 mdl_conjg__CKM1x1 =    1.0000000000000000     
 mdl_complexi =  (  0.0000000000000000     ,  1.0000000000000000     )
 mdl_MZ__exp__2 =    8315.2519896181766     
 mdl_MZ__exp__4 =    69143415.650849044     
 mdl_sqrt__2 =    1.4142135623730951     
 mdl_MH__exp__2 =    15625.000000000000     
 mdl_aEW =    7.5467708984556505E-003
 mdl_MW =    80.419007276179556     
 mdl_sqrt__aEW =    8.6872152606319419E-002
 mdl_ee =   0.30795376284704501     
 mdl_MW__exp__2 =    6467.2167312862202     
 mdl_sw2 =   0.22224645274001076     
 mdl_cw =   0.88190336616887299     
 mdl_sqrt__sw2 =   0.47143022043565552     
 mdl_sw =   0.47143022043565552     
 mdl_g1 =   0.34919218438279087     
 mdl_gw =   0.65323296958447097     
 mdl_vev =    246.21845810181631     
 mdl_vev__exp__2 =    60623.529110035874     
 mdl_lam =   0.12886910601690271     
 mdl_yb =    2.6995553154934990E-002
 mdl_yt =   0.99366614581500645     
 mdl_ytau =    1.0206616715816789E-002
 mdl_muH =    88.388347648318444     
 mdl_I1x33 =  (  2.6995553154934990E-002,  0.0000000000000000     )
 mdl_I2x33 =  ( 0.99366614581500645     ,  0.0000000000000000     )
 mdl_I3x33 =  ( 0.99366614581500645     ,  0.0000000000000000     )
 mdl_I4x33 =  (  2.6995553154934990E-002,  0.0000000000000000     )
 mdl_ee__exp__2 =    9.4835520051654035E-002
 mdl_sw__exp__2 =   0.22224645274001076     
 mdl_cw__exp__2 =   0.77775354725998924     
  Internal Params evaluated point by point
  ----------------------------------------
  
 mdl_sqrt__aS =   0.34351128178744839     
 mdl_G__exp__2 =    1.4828317414825511     
  Couplings of sm
  ---------------------------------
  
         GC_3 =  -0.00000E+00  -0.30795E+00
         GC_4 =   0.00000E+00   0.30795E+00
        GC_50 =  -0.00000E+00  -0.28804E+00
        GC_53 =   0.00000E+00   0.57609E+00
        GC_59 =   0.00000E+00   0.82310E-01
       GC_100 =   0.00000E+00   0.46191E+00

 Collider parameters:
 --------------------

 Running at e e   machine @    796.00000000000000       GeV
 PDF set = none   
 alpha_s(Mz)= 0.1180 running at 2 loops.
 alpha_s(Mz)= 0.1180 running at 2 loops.
 Renormalization scale set on event-by-event basis
 Factorization   scale set on event-by-event basis


 getting user params
Enter number of events and max and min iterations: 
 Number of events and iterations         2000           9           3
Enter desired fractional accuracy: 
 Desired fractional accuracy:   -1643.3000000000000     
Enter 0 for fixed, 2 for adjustable grid: 
Suppress amplitude (0 no, 1 yes)? 
 Using suppressed amplitude.
Exact helicity sum (0 yes, n = number/event)? 
 Explicitly summing over helicities
Enter Configuration Number: 
Running Configuration Number:    2
 Using dconfig=           2
 BW Setting            2           0
 Attempting mappinvarients           1           4
 Completed mapping           4
 about to integrate            2        2000           9           3           2           1
 Using non-zero grid deformation.
  2 dimensions   2000 events  2 invarients  9 iterations  1 config(s),  (0.99)
 Using h-tuple random number sequence.
 Error opening grid
 Using Uniform Grid!
 Using uniform alpha   1.0000000000000000     
 Grid defined OK
 Set CM energy to        796.00
 Mapping Graph           2  to config           2
Setting grid   1    0.40827E-01   1
 Masses: 0.000E+00 0.000E+00 0.804E+02 0.804E+02
   2   1   2
 Got moffset          14
Using random seed offsets     2 :      1
  with seed                   27
 Ranmar initialization seeds        4636       23519
  Particle       3       4
      Et >     0.0     0.0
       E >     0.0     0.0
     Eta <    -1.0    -1.0
   xqcut:      0.0     0.0
d R # 3  >    -0.0     0.0
s min # 3>     0.0     0.0
xqcutij # 3>     0.0     0.0
 Excluding BW           -1           1
 alpha_s for scale    19.949937343260004       is   0.15336344240298577     
 Added good helicity           10   6.4067529110072127E-004  in event            1
 Added good helicity           11   1.9369519025127452E-003  in event            1
 Added good helicity           13  0.50852763866683137       in event            1
 Added good helicity           14   1.6008401465522510       in event            1
 Added good helicity           15   1.9369519025127452E-003  in event            1
 Added good helicity           17  0.50852763866683137       in event            1
 Added good helicity           18   6.4067529110072127E-004  in event            1
 Added good helicity           19   1.0244187897968268E-002  in event            1
 Added good helicity           20   2.2177810513783651       in event            1
 Added good helicity           21   19.912716976272012       in event            1
 Added good helicity           22   6.7634786025853433E-002  in event            1
 Added good helicity           23   8.7970659256491626       in event            1
 Added good helicity           24   2.2177810513783651       in event            1
 Added good helicity           25   7.5846369201313005E-002  in event            1
 Added good helicity           26   6.7634786025854141E-002  in event            1
 Added good helicity           27   1.0244187897968384E-002  in event            1
 Iteration  1   Mean: 0.6294E+00 Abs mean: 0.6294E+00   Fluctuation:  0.705E-01   0.550E+02   100.0%
  1    0.6294E+00 0.6294E+00 +- 0.7051E-01      5.01
 Writing out events   3.4967136911862001E-005   5.0100087075888800     
 Relative summed weights:
  0.1000E+01  0.0000E+00
 Relative number of events:
  0.1000E+01  0.0000E+00
 Events:
        2000           0
 Iteration  2   Mean: 0.5779E+00 Abs mean: 0.5779E+00   Fluctuation:  0.231E-01   0.243E+02   100.0%
  2    0.5779E+00 0.5779E+00 +- 0.2309E-01      2.53
 Relative summed weights:
  0.1000E+01  0.0000E+00
 Relative number of events:
  0.1000E+01  0.0000E+00
 Events:
        4000           0
 Iteration  3   Mean: 0.5880E+00 Abs mean: 0.5880E+00   Fluctuation:  0.765E-02   0.648E+01   100.0%
  3    0.5880E+00 0.5880E+00 +- 0.7649E-02      1.16
 Relative summed weights:
  0.1000E+01  0.0000E+00
 Relative number of events:
  0.1000E+01  0.0000E+00
 Events:
        8000           0
 Found          810  events.
 Wrote          806  events.
 Actual xsec   0.58751445477299791     
 Correct abs xsec   0.58751445477299791     
 Event xsec   0.58751445477301012     
 Events wgts > 1:            3
 % Cross section > 1:    9.5792970310200603E-005   1.6304785274978608E-002
 Checking number of events   965.46250352846744              806  chi2:   0.26518905142368338     
 Found          810  events.
 Wrote          806  events.
 Actual xsec   0.58751445477299791     
 Correct abs xsec   0.58751445477299791     
 Event xsec   0.58751445477301012     
 Events wgts > 1:            3
 % Cross section > 1:    9.5792970310200603E-005   1.6304785274978608E-002
 Iteration  4   Mean: 0.5866E+00 Abs mean: 0.5866E+00   Fluctuation:  0.307E-02   0.223E+01   100.0%
  4    0.5866E+00 0.5866E+00 +- 0.3068E-02      0.66
 Relative summed weights:
  0.1000E+01  0.0000E+00
 Relative number of events:
  0.1000E+01  0.0000E+00
 Events:
       16000           0
 Found         1595  events.
 Wrote         1590  events.
 Actual xsec   0.58664637614161275     
 Correct abs xsec   0.58664637614161275     
 Event xsec   0.58664637614160309     
 Events wgts > 1:            0
 % Cross section > 1:    0.0000000000000000        0.0000000000000000     
 Checking number of events   964.03598991351225             1590  chi2:    8.7131164967266778E-002

 -------------------------------------------------------------------------------
 Accumulated results:   Integral =  0.5867E+00
                        Std dev  =  0.2824E-02
                       Cross sec =  0.1975E+00
             Chi**2 per DoF.     =
-------------------------------------------------
---------------------------
 Results Last   3 iters: Integral =   0.5866E+00
                     Abs integral =   0.5866E+00
                          Std dev =   0.2826E-02
                  Chi**2 per DoF. =      0.0871
-------------------------------------------------
---------------------------
 Status  -1643.3000000000000                5           9
 We found enough events        1590   964.03598991351225     

ls status:
events.lhe
ftn25
ftn26
input_sg.txt
moffset.dat
results.dat
run1_app.log
