Sender: LSF System <lsfadmin@ccb0350.cc.kek.jp>
Subject: Job 68722525: <aef8f8e46d2465> in cluster <centralcluster> Done

Job <aef8f8e46d2465> was submitted from host <ccw07.cc.kek.jp> by user <takaesu> in cluster <centralcluster>.
Job was executed on host(s) <ccb0350.cc.kek.jp>, in queue <s>, as user <takaesu> in cluster <centralcluster>.
</home/th/takaesu> was used as the home directory.
</gpfs/home/th/takaesu/projects/annBBN/dm_annihilate_all/ee_ww/SubProcesses> was used as the working directory.
Started at Sat Jan  3 16:55:28 2015
Results reported on Sat Jan  3 16:56:49 2015

Your job looked like:

------------------------------------------------------------
# LSBATCH: User input
 cd /gpfs/home/th/takaesu/projects/annBBN/dm_annihilate_all/ee_ww/SubProcesses;/gpfs/home/th/takaesu/projects/annBBN/dm_annihilate_all/ee_ww/SubProcesses/../bin/internal/run_combine
------------------------------------------------------------

Successfully completed.

Resource usage summary:

    CPU time :               29.79 sec.
    Max Memory :             10.41 MB
    Average Memory :         9.56 MB
    Total Requested Memory : 3500.00 MB
    Delta Memory :           3489.59 MB
    (Delta: the difference between Total Requested Memory and Max Memory.)
    Max Swap :               302 MB
    Max Processes :          5
    Max Threads :            6

The output (if any) follows:

 No PDF is used, alpha_s(MZ) from param_card is used
 Value of alpha_s from param_card:   0.11800000071525575     
 The default order of alpha_s running is fixed to            2
 Results.dat xsec =    3.7665000000000002       abs xsec =    3.7665000000000002     
 Found            1  subprocesses
 SubProcess/Channel     kept   read   xsec 
P0_ll_wpwm/G1/   22320   22320 0.445E+00
P0_ll_wpwm/G2.2/   52606   52606 0.103E+01
P0_ll_wpwm/G3/  219196  219196 0.377E+01
 Found       102985  events writing first       100000
 Unweighting selected       100000  events.
Truncated  0.00% of cross section
