 Process in group number            0
 No PDF is used, alpha_s(MZ) from param_card is used
 Value of alpha_s from param_card:   0.11800000071525575     
 The default order of alpha_s running is fixed to            2
 *****************************************************
 *               MadGraph/MadEvent                   *
 *        --------------------------------           *
 *          http://madgraph.hep.uiuc.edu             *
 *          http://madgraph.phys.ucl.ac.be           *
 *          http://madgraph.roma2.infn.it            *
 *        --------------------------------           *
 *                                                   *
 *          PARAMETER AND COUPLING VALUES            *
 *                                                   *
 *****************************************************

  External Params
  ---------------------------------
  
 aEWM1 =    132.50700378417969     
 mdl_Gf =    1.1663900000000000E-005
 aS =   0.11800000071525575     
 mdl_ymb =    4.6999998092651367     
 mdl_ymt =    173.00000000000000     
 mdl_ymtau =    1.7769999504089355     
 mdl_MZ =    91.188003540039063     
 mdl_MT =    173.00000000000000     
 mdl_MB =    4.6999998092651367     
 mdl_MH =    125.00000000000000     
 mdl_MTA =    1.7769999504089355     
 mdl_WZ =    2.4414041042327881     
 mdl_WW =    2.0476000308990479     
 mdl_WT =    1.4915000200271606     
 mdl_WH =    6.3823391683399677E-003
  Internal Params
  ---------------------------------
  
 mdl_conjg__CKM3x3 =    1.0000000000000000     
 mdl_CKM3x3 =    1.0000000000000000     
 mdl_conjg__CKM1x1 =    1.0000000000000000     
 mdl_complexi =  (  0.0000000000000000     ,  1.0000000000000000     )
 mdl_MZ__exp__2 =    8315.2519896181766     
 mdl_MZ__exp__4 =    69143415.650849044     
 mdl_sqrt__2 =    1.4142135623730951     
 mdl_MH__exp__2 =    15625.000000000000     
 mdl_aEW =    7.5467708984556505E-003
 mdl_MW =    80.419007276179556     
 mdl_sqrt__aEW =    8.6872152606319419E-002
 mdl_ee =   0.30795376284704501     
 mdl_MW__exp__2 =    6467.2167312862202     
 mdl_sw2 =   0.22224645274001076     
 mdl_cw =   0.88190336616887299     
 mdl_sqrt__sw2 =   0.47143022043565552     
 mdl_sw =   0.47143022043565552     
 mdl_g1 =   0.34919218438279087     
 mdl_gw =   0.65323296958447097     
 mdl_vev =    246.21845810181631     
 mdl_vev__exp__2 =    60623.529110035874     
 mdl_lam =   0.12886910601690271     
 mdl_yb =    2.6995553154934990E-002
 mdl_yt =   0.99366614581500645     
 mdl_ytau =    1.0206616715816789E-002
 mdl_muH =    88.388347648318444     
 mdl_I1x33 =  (  2.6995553154934990E-002,  0.0000000000000000     )
 mdl_I2x33 =  ( 0.99366614581500645     ,  0.0000000000000000     )
 mdl_I3x33 =  ( 0.99366614581500645     ,  0.0000000000000000     )
 mdl_I4x33 =  (  2.6995553154934990E-002,  0.0000000000000000     )
 mdl_ee__exp__2 =    9.4835520051654035E-002
 mdl_sw__exp__2 =   0.22224645274001076     
 mdl_cw__exp__2 =   0.77775354725998924     
  Internal Params evaluated point by point
  ----------------------------------------
  
 mdl_sqrt__aS =   0.34351128178744839     
 mdl_G__exp__2 =    1.4828317414825511     
  Couplings of sm
  ---------------------------------
  
         GC_3 =  -0.00000E+00  -0.30795E+00
         GC_4 =   0.00000E+00   0.30795E+00
        GC_50 =  -0.00000E+00  -0.28804E+00
        GC_53 =   0.00000E+00   0.57609E+00
        GC_59 =   0.00000E+00   0.82310E-01
       GC_100 =   0.00000E+00   0.46191E+00

 Collider parameters:
 --------------------

 Running at e e   machine @    796.00000000000000       GeV
 PDF set = none   
 alpha_s(Mz)= 0.1180 running at 2 loops.
 alpha_s(Mz)= 0.1180 running at 2 loops.
 Renormalization scale set on event-by-event basis
 Factorization   scale set on event-by-event basis


 getting user params
Enter number of events and max and min iterations: 
 Number of events and iterations         1000           5           3
Enter desired fractional accuracy: 
 Desired fractional accuracy:   0.10000000000000001     
Enter 0 for fixed, 2 for adjustable grid: 
Suppress amplitude (0 no, 1 yes)? 
 Using suppressed amplitude.
Exact helicity sum (0 yes, n = number/event)? 
 Explicitly summing over helicities
Enter Configuration Number: 
Running Configuration Number:    1
 Not subdividing B.W.
 Attempting mappinvarients           1           4
 Completed mapping           4
 about to integrate            2        1000           5           3           2           1
 Using non-zero grid deformation.
  2 dimensions   1000 events  2 invarients  5 iterations  1 config(s),  (0.99)
 Using h-tuple random number sequence.
 Error opening grid
 Using Uniform Grid!
 Using uniform alpha   1.0000000000000000     
 Grid defined OK
 Set CM energy to        796.00
 Mapping Graph           1  to config           1
Setting grid   1    0.40827E-01   1
 Masses: 0.000E+00 0.000E+00 0.804E+02 0.804E+02
   1   1   2
Using random seed offsets     1 :      1
  with seed                   24
 Ranmar initialization seeds       31059        9398
  Particle       3       4
      Et >     0.0     0.0
       E >     0.0     0.0
     Eta <    -1.0    -1.0
   xqcut:      0.0     0.0
d R # 3  >    -0.0     0.0
s min # 3>     0.0     0.0
xqcutij # 3>     0.0     0.0
 alpha_s for scale    19.949937343260004       is   0.15336344240298577     
 Added good helicity           10   2.9424411919154377E-004  in event            1
 Added good helicity           11   2.1687582575024202E-002  in event            1
 Added good helicity           13   9.5799200923855771E-003  in event            1
 Added good helicity           14  0.73522079816671748       in event            1
 Added good helicity           15   2.1687582575024202E-002  in event            1
 Added good helicity           17   9.5799200923855771E-003  in event            1
 Added good helicity           18   2.9424411919154377E-004  in event            1
 Added good helicity           19   5.3516745896921292E-004  in event            1
 Added good helicity           20   9.5551038540738931E-002  in event            1
 Added good helicity           21   9.1424849675430178       in event            1
 Added good helicity           22  0.74334353044308199       in event            1
 Added good helicity           23   3.6830198747538141       in event            1
 Added good helicity           24   9.5551038540739139E-002  in event            1
 Added good helicity           25   20.697291393077663       in event            1
 Added good helicity           26  0.74334353044308632       in event            1
 Added good helicity           27   5.3516745896919774E-004  in event            1
 Iteration  1   Mean: 0.4864E+00 Abs mean: 0.4864E+00   Fluctuation:  0.798E-01   0.492E+02   100.0%
  1    0.4864E+00 0.4864E+00 +- 0.7979E-01      5.19
 Writing out events   9.7270924786235189E-005   5.1878924915390101     
 Relative summed weights:
  0.1000E+01  0.0000E+00
 Relative number of events:
  0.1000E+01  0.0000E+00
 Events:
        1000           0
 Iteration  2   Mean: 0.4694E+00 Abs mean: 0.4694E+00   Fluctuation:  0.326E-01   0.270E+02   100.0%
  2    0.4694E+00 0.4694E+00 +- 0.3258E-01      3.10
 Relative summed weights:
  0.1000E+01  0.0000E+00
 Relative number of events:
  0.1000E+01  0.0000E+00
 Events:
        2000           0
 Iteration  3   Mean: 0.4404E+00 Abs mean: 0.4404E+00   Fluctuation:  0.815E-02   0.508E+01   100.0%
  3    0.4404E+00 0.4404E+00 +- 0.8153E-02      1.17
 Relative summed weights:
  0.1000E+01  0.0000E+00
 Relative number of events:
  0.1000E+01  0.0000E+00
 Events:
        4000           0
 Accuracy:    0.014   0.100   0.018   0.596
 Finished due to accuracy    1.3728887267886822E-002  0.10000000000000001     

 -------------------------------------------------------------------------------
 Accumulated results:   Integral =  0.4428E+00
                        Std dev  =  0.7874E-02
                       Cross sec =  0.4428E+00
             Chi**2 per DoF.     =      0.5961
 -------------------------------------------------------------------------------
 Found          372  events.
 Wrote          368  events.
 Actual xsec   0.44283020288502267     
 Correct abs xsec   0.44283020288502267     
 Event xsec   0.44283020288502450     
 Events wgts > 1:            1
 % Cross section > 1:    1.0024344676704835E-004   2.2636994069954019E-002
-------------------------------------------------
---------------------------
 Results Last   3 iters: Integral =   0.4428E+00
                     Abs integral =   0.4428E+00
                          Std dev =   0.7874E-02
                  Chi**2 per DoF. =      0.5250
-------------------------------------------------
---------------------------
 Status  0.10000000000000001                4           5

ls status:
events.lhe
input_app.txt
results.dat
run1_app.log
