 Process in group number            0
 No PDF is used, alpha_s(MZ) from param_card is used
 Value of alpha_s from param_card:   0.11800000071525575     
 The default order of alpha_s running is fixed to            2
 *****************************************************
 *               MadGraph/MadEvent                   *
 *        --------------------------------           *
 *          http://madgraph.hep.uiuc.edu             *
 *          http://madgraph.phys.ucl.ac.be           *
 *          http://madgraph.roma2.infn.it            *
 *        --------------------------------           *
 *                                                   *
 *          PARAMETER AND COUPLING VALUES            *
 *                                                   *
 *****************************************************

  External Params
  ---------------------------------
  
 aEWM1 =    132.50700378417969     
 mdl_Gf =    1.1663900000000000E-005
 aS =   0.11800000071525575     
 mdl_ymb =    4.6999998092651367     
 mdl_ymt =    173.00000000000000     
 mdl_ymtau =    1.7769999504089355     
 mdl_MZ =    91.188003540039063     
 mdl_MT =    173.00000000000000     
 mdl_MB =    4.6999998092651367     
 mdl_MH =    125.00000000000000     
 mdl_MTA =    1.7769999504089355     
 mdl_WZ =    2.4414041042327881     
 mdl_WW =    2.0476000308990479     
 mdl_WT =    1.4915000200271606     
 mdl_WH =    6.3823391683399677E-003
  Internal Params
  ---------------------------------
  
 mdl_conjg__CKM3x3 =    1.0000000000000000     
 mdl_CKM3x3 =    1.0000000000000000     
 mdl_conjg__CKM1x1 =    1.0000000000000000     
 mdl_complexi =  (  0.0000000000000000     ,  1.0000000000000000     )
 mdl_MZ__exp__2 =    8315.2519896181766     
 mdl_MZ__exp__4 =    69143415.650849044     
 mdl_sqrt__2 =    1.4142135623730951     
 mdl_MH__exp__2 =    15625.000000000000     
 mdl_aEW =    7.5467708984556505E-003
 mdl_MW =    80.419007276179556     
 mdl_sqrt__aEW =    8.6872152606319419E-002
 mdl_ee =   0.30795376284704501     
 mdl_MW__exp__2 =    6467.2167312862202     
 mdl_sw2 =   0.22224645274001076     
 mdl_cw =   0.88190336616887299     
 mdl_sqrt__sw2 =   0.47143022043565552     
 mdl_sw =   0.47143022043565552     
 mdl_g1 =   0.34919218438279087     
 mdl_gw =   0.65323296958447097     
 mdl_vev =    246.21845810181631     
 mdl_vev__exp__2 =    60623.529110035874     
 mdl_lam =   0.12886910601690271     
 mdl_yb =    2.6995553154934990E-002
 mdl_yt =   0.99366614581500645     
 mdl_ytau =    1.0206616715816789E-002
 mdl_muH =    88.388347648318444     
 mdl_I1x33 =  (  2.6995553154934990E-002,  0.0000000000000000     )
 mdl_I2x33 =  ( 0.99366614581500645     ,  0.0000000000000000     )
 mdl_I3x33 =  ( 0.99366614581500645     ,  0.0000000000000000     )
 mdl_I4x33 =  (  2.6995553154934990E-002,  0.0000000000000000     )
 mdl_ee__exp__2 =    9.4835520051654035E-002
 mdl_sw__exp__2 =   0.22224645274001076     
 mdl_cw__exp__2 =   0.77775354725998924     
  Internal Params evaluated point by point
  ----------------------------------------
  
 mdl_sqrt__aS =   0.34351128178744839     
 mdl_G__exp__2 =    1.4828317414825511     
  Couplings of sm
  ---------------------------------
  
         GC_3 =  -0.00000E+00  -0.30795E+00
         GC_4 =   0.00000E+00   0.30795E+00
        GC_50 =  -0.00000E+00  -0.28804E+00
        GC_53 =   0.00000E+00   0.57609E+00
        GC_59 =   0.00000E+00   0.82310E-01
       GC_100 =   0.00000E+00   0.46191E+00

 Collider parameters:
 --------------------

 Running at e e   machine @    796.00000000000000       GeV
 PDF set = none   
 alpha_s(Mz)= 0.1180 running at 2 loops.
 alpha_s(Mz)= 0.1180 running at 2 loops.
 Renormalization scale set on event-by-event basis
 Factorization   scale set on event-by-event basis


 getting user params
Enter number of events and max and min iterations: 
 Number of events and iterations         2000           9           3
Enter desired fractional accuracy: 
 Desired fractional accuracy:   -1200.9000000000001     
Enter 0 for fixed, 2 for adjustable grid: 
Suppress amplitude (0 no, 1 yes)? 
 Using suppressed amplitude.
Exact helicity sum (0 yes, n = number/event)? 
 Explicitly summing over helicities
Enter Configuration Number: 
Running Configuration Number:    3
 Not subdividing B.W.
 Attempting mappinvarients           1           4
 Completed mapping           4
 about to integrate            2        2000           9           3           2           1
 Using non-zero grid deformation.
  2 dimensions   2000 events  2 invarients  9 iterations  1 config(s),  (0.99)
 Using h-tuple random number sequence.
 Error opening grid
 Using Uniform Grid!
 Using uniform alpha   1.0000000000000000     
 Grid defined OK
 Set CM energy to        796.00
 Mapping Graph           3  to config           3
Setting grid   1    0.10207E-01   1
 Masses: 0.000E+00 0.000E+00 0.804E+02 0.804E+02
   3   1   2
 Got moffset          15
Using random seed offsets     3 :      1
  with seed                   27
 Ranmar initialization seeds        4637       26676
  Particle       3       4
      Et >     0.0     0.0
       E >     0.0     0.0
     Eta <    -1.0    -1.0
   xqcut:      0.0     0.0
d R # 3  >    -0.0     0.0
s min # 3>     0.0     0.0
xqcutij # 3>     0.0     0.0
 alpha_s for scale    19.949937343260004       is   0.15336344240298577     
 Added good helicity           11   1.2514954344433169E-003  in event            1
 Added good helicity           14   1.3982483176813582E-003  in event            1
 Added good helicity           15   1.2514954344433169E-003  in event            1
 Added good helicity           19   3.5231935893499655E-003  in event            1
 Added good helicity           20   1.5930683906114414E-002  in event            1
 Added good helicity           21   1.7221748401143520E-002  in event            1
 Added good helicity           22   2.1972188070265193E-002  in event            1
 Added good helicity           23   1.3741151314887962E-003  in event            1
 Added good helicity           24   1.5930683906114414E-002  in event            1
 Added good helicity           25   35.894648446058206       in event            1
 Added good helicity           26   2.1972188070265668E-002  in event            1
 Added good helicity           27   3.5231935893499633E-003  in event            1
 Added good helicity           10   1.6266594386156796E-005  in event            3
 Added good helicity           13   9.6027905880118403E-005  in event            3
 Added good helicity           17   9.6027905880119473E-005  in event            3
 Added good helicity           18   1.6266594386156796E-005  in event            3
 Iteration  1   Mean: 0.2667E+01 Abs mean: 0.2667E+01   Fluctuation:  0.434E+00   0.603E+03   100.0%
  1    0.2667E+01 0.2667E+01 +- 0.4341E+00      7.28
 Writing out events   1.4818843226096807E-004   7.2785524990350199     
 Relative summed weights:
  0.1000E+01  0.0000E+00
 Relative number of events:
  0.1000E+01  0.0000E+00
 Events:
        2000           0
 Iteration  2   Mean: 0.2915E+01 Abs mean: 0.2915E+01   Fluctuation:  0.170E+00   0.218E+03   100.0%
  2    0.2915E+01 0.2915E+01 +- 0.1700E+00      3.69
 Relative summed weights:
  0.1000E+01  0.0000E+00
 Relative number of events:
  0.1000E+01  0.0000E+00
 Events:
        4000           0
 Iteration  3   Mean: 0.2797E+01 Abs mean: 0.2797E+01   Fluctuation:  0.456E-01   0.373E+02    99.4%
  3    0.2797E+01 0.2797E+01 +- 0.4564E-01      1.46
 Relative summed weights:
  0.1000E+01  0.0000E+00
 Relative number of events:
  0.1000E+01  0.0000E+00
 Events:
        8000           0
 Found          754  events.
 Wrote          749  events.
 Actual xsec    2.8046737628030427     
 Correct abs xsec    2.8046737628030427     
 Event xsec    2.8046737628030165     
 Events wgts > 1:           38
 % Cross section > 1:    1.7109877321663938E-002  0.61004875321271490     
 Checking number of events   3368.1327217501744              749  chi2:   0.27227200340437224     
 Found          754  events.
 Wrote          749  events.
 Actual xsec    2.8046737628030427     
 Correct abs xsec    2.8046737628030427     
 Event xsec    2.8046737628030165     
 Events wgts > 1:           38
 % Cross section > 1:    1.7109877321663938E-002  0.61004875321271490     
 Iteration  4   Mean: 0.2748E+01 Abs mean: 0.2748E+01   Fluctuation:  0.175E-01   0.136E+02    99.4%
  4    0.2748E+01 0.2748E+01 +- 0.1745E-01      0.80
 Relative summed weights:
  0.1000E+01  0.0000E+00
 Relative number of events:
  0.1000E+01  0.0000E+00
 Events:
       16000           0
 Found         1580  events.
 Wrote         1575  events.
 Actual xsec    2.7559135198633804     
 Correct abs xsec    2.7559135198633804     
 Event xsec    2.7559135198634577     
 Events wgts > 1:            0
 % Cross section > 1:    0.0000000000000000        0.0000000000000000     
 Checking number of events   3309.5765460039338             1575  chi2:   0.96022734952543232     
 Found         1580  events.
 Wrote         1575  events.
 Actual xsec    2.7559135198633804     
 Correct abs xsec    2.7559135198633804     
 Event xsec    2.7559135198634577     
 Events wgts > 1:            0
 % Cross section > 1:    0.0000000000000000        0.0000000000000000     
 Iteration  5   Mean: 0.2738E+01 Abs mean: 0.2738E+01   Fluctuation:  0.785E-02   0.793E+01    99.4%
  5    0.2738E+01 0.2738E+01 +- 0.7850E-02      0.51
 Relative summed weights:
  0.1000E+01  0.0000E+00
 Relative number of events:
  0.1000E+01  0.0000E+00
 Events:
       32000           0
 Found         3200  events.
 Wrote         3197  events.
 Actual xsec    2.7409907635972850     
 Correct abs xsec    2.7409907635972850     
 Event xsec    2.7409907635972828     
 Events wgts > 1:            0
 % Cross section > 1:    0.0000000000000000        0.0000000000000000     
 Checking number of events   3291.6558080039799             3197  chi2:   0.91858970596387812     
 Found         3200  events.
 Wrote         3197  events.
 Actual xsec    2.7409907635972850     
 Correct abs xsec    2.7409907635972850     
 Event xsec    2.7409907635972828     
 Events wgts > 1:            0
 % Cross section > 1:    0.0000000000000000        0.0000000000000000     
 Iteration  6   Mean: 0.2732E+01 Abs mean: 0.2732E+01   Fluctuation:  0.377E-02   0.566E+01    99.7%
  6    0.2732E+01 0.2732E+01 +- 0.3772E-02      0.35
 Relative summed weights:
  0.1000E+01  0.0000E+00
 Relative number of events:
  0.1000E+01  0.0000E+00
 Events:
       64000           0
 Found         6363  events.
 Wrote         6358  events.
 Actual xsec    2.7334654534043463     
 Correct abs xsec    2.7334654534043463     
 Event xsec    2.7334654534044476     
 Events wgts > 1:            0
 % Cross section > 1:    0.0000000000000000        0.0000000000000000     
 Checking number of events   3282.6186629932799             6358  chi2:   0.59322977675800137     

 -------------------------------------------------------------------------------
 Accumulated results:   Integral =  0.2734E+01
                        Std dev  =  0.3327E-02
                       Cross sec =  0.9098E+00
             Chi**2 per DoF.     =
-------------------------------------------------
---------------------------
 Results Last   3 iters: Integral =   0.2733E+01
                     Abs integral =   0.2733E+01
                          Std dev =   0.3337E-02
                  Chi**2 per DoF. =      0.5932
-------------------------------------------------
---------------------------
 Status  -1200.9000000000001                7           9
 We found enough events        6358   3282.6186629932799     

ls status:
events.lhe
ftn25
ftn26
input_sg.txt
moffset.dat
results.dat
run1_app.log
