 Process in group number            0
 No PDF is used, alpha_s(MZ) from param_card is used
 Value of alpha_s from param_card:   0.11800000071525575     
 The default order of alpha_s running is fixed to            2
 *****************************************************
 *               MadGraph/MadEvent                   *
 *        --------------------------------           *
 *          http://madgraph.hep.uiuc.edu             *
 *          http://madgraph.phys.ucl.ac.be           *
 *          http://madgraph.roma2.infn.it            *
 *        --------------------------------           *
 *                                                   *
 *          PARAMETER AND COUPLING VALUES            *
 *                                                   *
 *****************************************************

  External Params
  ---------------------------------
  
 aEWM1 =    132.50700378417969     
 mdl_Gf =    1.1663900000000000E-005
 aS =   0.11800000071525575     
 mdl_ymb =    4.6999998092651367     
 mdl_ymt =    173.00000000000000     
 mdl_ymtau =    1.7769999504089355     
 mdl_MZ =    91.188003540039063     
 mdl_MT =    173.00000000000000     
 mdl_MB =    4.6999998092651367     
 mdl_MH =    125.00000000000000     
 mdl_MTA =    1.7769999504089355     
 mdl_WZ =    2.4414041042327881     
 mdl_WW =    2.0476000308990479     
 mdl_WT =    1.4915000200271606     
 mdl_WH =    6.3823391683399677E-003
  Internal Params
  ---------------------------------
  
 mdl_conjg__CKM3x3 =    1.0000000000000000     
 mdl_CKM3x3 =    1.0000000000000000     
 mdl_conjg__CKM1x1 =    1.0000000000000000     
 mdl_complexi =  (  0.0000000000000000     ,  1.0000000000000000     )
 mdl_MZ__exp__2 =    8315.2519896181766     
 mdl_MZ__exp__4 =    69143415.650849044     
 mdl_sqrt__2 =    1.4142135623730951     
 mdl_MH__exp__2 =    15625.000000000000     
 mdl_aEW =    7.5467708984556505E-003
 mdl_MW =    80.419007276179556     
 mdl_sqrt__aEW =    8.6872152606319419E-002
 mdl_ee =   0.30795376284704501     
 mdl_MW__exp__2 =    6467.2167312862202     
 mdl_sw2 =   0.22224645274001076     
 mdl_cw =   0.88190336616887299     
 mdl_sqrt__sw2 =   0.47143022043565552     
 mdl_sw =   0.47143022043565552     
 mdl_g1 =   0.34919218438279087     
 mdl_gw =   0.65323296958447097     
 mdl_vev =    246.21845810181631     
 mdl_vev__exp__2 =    60623.529110035874     
 mdl_lam =   0.12886910601690271     
 mdl_yb =    2.6995553154934990E-002
 mdl_yt =   0.99366614581500645     
 mdl_ytau =    1.0206616715816789E-002
 mdl_muH =    88.388347648318444     
 mdl_I1x33 =  (  2.6995553154934990E-002,  0.0000000000000000     )
 mdl_I2x33 =  ( 0.99366614581500645     ,  0.0000000000000000     )
 mdl_I3x33 =  ( 0.99366614581500645     ,  0.0000000000000000     )
 mdl_I4x33 =  (  2.6995553154934990E-002,  0.0000000000000000     )
 mdl_ee__exp__2 =    9.4835520051654035E-002
 mdl_sw__exp__2 =   0.22224645274001076     
 mdl_cw__exp__2 =   0.77775354725998924     
  Internal Params evaluated point by point
  ----------------------------------------
  
 mdl_sqrt__aS =   0.34351128178744839     
 mdl_G__exp__2 =    1.4828317414825511     
  Couplings of sm
  ---------------------------------
  
         GC_3 =  -0.00000E+00  -0.30795E+00
         GC_4 =   0.00000E+00   0.30795E+00
        GC_50 =  -0.00000E+00  -0.28804E+00
        GC_53 =   0.00000E+00   0.57609E+00
        GC_59 =   0.00000E+00   0.82310E-01
       GC_100 =   0.00000E+00   0.46191E+00

 Collider parameters:
 --------------------

 Running at e e   machine @    796.00000000000000       GeV
 PDF set = none   
 alpha_s(Mz)= 0.1180 running at 2 loops.
 alpha_s(Mz)= 0.1180 running at 2 loops.
 Renormalization scale set on event-by-event basis
 Factorization   scale set on event-by-event basis


 getting user params
Enter number of events and max and min iterations: 
 Number of events and iterations         2000           9           3
Enter desired fractional accuracy: 
 Desired fractional accuracy:   -1200.9000000000001     
Enter 0 for fixed, 2 for adjustable grid: 
Suppress amplitude (0 no, 1 yes)? 
 Using suppressed amplitude.
Exact helicity sum (0 yes, n = number/event)? 
 Explicitly summing over helicities
Enter Configuration Number: 
Running Configuration Number:    3
 Not subdividing B.W.
 Attempting mappinvarients           1           4
 Completed mapping           4
 about to integrate            2        2000           9           3           2           1
 Using non-zero grid deformation.
  2 dimensions   2000 events  2 invarients  9 iterations  1 config(s),  (0.99)
 Using h-tuple random number sequence.
 Error opening grid
 Using Uniform Grid!
 Using uniform alpha   1.0000000000000000     
 Grid defined OK
 Set CM energy to        796.00
 Mapping Graph           3  to config           3
Setting grid   1    0.10207E-01   1
 Masses: 0.000E+00 0.000E+00 0.804E+02 0.804E+02
   3   1   2
 Got moffset          11
Using random seed offsets     3 :      1
  with seed                   27
 Ranmar initialization seeds        4637       14048
  Particle       3       4
      Et >     0.0     0.0
       E >     0.0     0.0
     Eta <    -1.0    -1.0
   xqcut:      0.0     0.0
d R # 3  >    -0.0     0.0
s min # 3>     0.0     0.0
xqcutij # 3>     0.0     0.0
 alpha_s for scale    19.949937343260004       is   0.15336344240298577     
 Added good helicity           10   6.1111998140646957E-004  in event            1
 Added good helicity           11   1.6856460058218437E-002  in event            1
 Added good helicity           13   5.3167230777202208E-002  in event            1
 Added good helicity           14   1.5269909955710985       in event            1
 Added good helicity           15   1.6856460058218170E-002  in event            1
 Added good helicity           17   5.3167230777202208E-002  in event            1
 Added good helicity           18   6.1111998140646914E-004  in event            1
 Added good helicity           19   5.7888811852747054E-003  in event            1
 Added good helicity           20   3.7967921144402210E-003  in event            1
 Added good helicity           21   18.992045578589046       in event            1
 Added good helicity           22  0.58481816747110771       in event            1
 Added good helicity           23   8.1295332509890521       in event            1
 Added good helicity           24   3.7967921144413117E-003  in event            1
 Added good helicity           25   6.0213528716754965       in event            1
 Added good helicity           26  0.58481816747111492       in event            1
 Added good helicity           27   5.7888811852747964E-003  in event            1
 Iteration  1   Mean: 0.3237E+01 Abs mean: 0.3237E+01   Fluctuation:  0.507E+00   0.517E+03   100.0%
  1    0.3237E+01 0.3237E+01 +- 0.5074E+00      7.01
 Writing out events   1.7984592853098234E-004   7.0098746132034098     
 Relative summed weights:
  0.1000E+01  0.0000E+00
 Relative number of events:
  0.1000E+01  0.0000E+00
 Events:
        2000           0
 Iteration  2   Mean: 0.2437E+01 Abs mean: 0.2437E+01   Fluctuation:  0.127E+00   0.186E+03    99.9%
  2    0.2437E+01 0.2437E+01 +- 0.1270E+00      3.30
 Relative summed weights:
  0.1000E+01  0.0000E+00
 Relative number of events:
  0.1000E+01  0.0000E+00
 Events:
        4000           0
 Iteration  3   Mean: 0.2750E+01 Abs mean: 0.2750E+01   Fluctuation:  0.439E-01   0.386E+02    99.5%
  3    0.2750E+01 0.2750E+01 +- 0.4386E-01      1.43
 Relative summed weights:
  0.1000E+01  0.0000E+00
 Relative number of events:
  0.1000E+01  0.0000E+00
 Events:
        8000           0
 Found          916  events.
 Wrote          861  events.
 Actual xsec    2.7276165218524726     
 Correct abs xsec    2.7276165218524726     
 Event xsec    2.7276165218524868     
 Events wgts > 1:           49
 % Cross section > 1:    2.6008385340471538E-002  0.95352059690589108     
 Checking number of events   3275.5946810926348              861  chi2:    3.2400564940594072     
 Found          916  events.
 Wrote          856  events.
 Actual xsec    2.7276165218524726     
 Correct abs xsec    2.7276165218524726     
 Event xsec    2.7276165218524846     
 Events wgts > 1:           49
 % Cross section > 1:    2.6158846528268921E-002  0.95903681176204758     
 Iteration  4   Mean: 0.2743E+01 Abs mean: 0.2743E+01   Fluctuation:  0.175E-01   0.138E+02    99.5%
  4    0.2743E+01 0.2743E+01 +- 0.1755E-01      0.81
 Relative summed weights:
  0.1000E+01  0.0000E+00
 Relative number of events:
  0.1000E+01  0.0000E+00
 Events:
       16000           0
 Found         1599  events.
 Wrote         1594  events.
 Actual xsec    2.7398819963379828     
 Correct abs xsec    2.7398819963379828     
 Event xsec    2.7398819963379415     
 Events wgts > 1:            0
 % Cross section > 1:    0.0000000000000000        0.0000000000000000     
 Checking number of events   3290.3242894022837             1594  chi2:    2.8750773693132934     
 Found         1599  events.
 Wrote         1594  events.
 Actual xsec    2.7398819963379828     
 Correct abs xsec    2.7398819963379828     
 Event xsec    2.7398819963379415     
 Events wgts > 1:            0
 % Cross section > 1:    0.0000000000000000        0.0000000000000000     
 Iteration  5   Mean: 0.2743E+01 Abs mean: 0.2743E+01   Fluctuation:  0.792E-02   0.827E+01    99.5%
  5    0.2743E+01 0.2743E+01 +- 0.7915E-02      0.52
 Relative summed weights:
  0.1000E+01  0.0000E+00
 Relative number of events:
  0.1000E+01  0.0000E+00
 Events:
       32000           0
 Found         3232  events.
 Wrote         3227  events.
 Actual xsec    2.7431188164271108     
 Correct abs xsec    2.7431188164271108     
 Event xsec    2.7431188164269806     
 Events wgts > 1:            0
 % Cross section > 1:    0.0000000000000000        0.0000000000000000     
 Checking number of events   3294.2113866473173             3227  chi2:    1.1026807679023368E-002
 Found         3232  events.
 Wrote         3227  events.
 Actual xsec    2.7431188164271108     
 Correct abs xsec    2.7431188164271108     
 Event xsec    2.7431188164269806     
 Events wgts > 1:            0
 % Cross section > 1:    0.0000000000000000        0.0000000000000000     
 Iteration  6   Mean: 0.2743E+01 Abs mean: 0.2743E+01   Fluctuation:  0.382E-02   0.584E+01    99.7%
  6    0.2743E+01 0.2743E+01 +- 0.3819E-02      0.35
 Relative summed weights:
  0.1000E+01  0.0000E+00
 Relative number of events:
  0.1000E+01  0.0000E+00
 Events:
       64000           0
 Found         6400  events.
 Wrote         6395  events.
 Actual xsec    2.7432169978395997     
 Correct abs xsec    2.7432169978395997     
 Event xsec    2.7432169978397800     
 Events wgts > 1:            0
 % Cross section > 1:    0.0000000000000000        0.0000000000000000     
 Checking number of events   3294.3292927055754             6395  chi2:    9.2156584966231821E-004

 -------------------------------------------------------------------------------
 Accumulated results:   Integral =  0.2743E+01
                        Std dev  =  0.3364E-02
                       Cross sec =  0.1184E+01
             Chi**2 per DoF.     =
-------------------------------------------------
---------------------------
 Results Last   3 iters: Integral =   0.2743E+01
                     Abs integral =   0.2743E+01
                          Std dev =   0.3375E-02
                  Chi**2 per DoF. =      0.0009
-------------------------------------------------
---------------------------
 Status  -1200.9000000000001                7           9
 We found enough events        6395   3294.3292927055754     

ls status:
events.lhe
ftn25
ftn26
input_sg.txt
moffset.dat
results.dat
run1_app.log
