 Process in group number            0
 No PDF is used, alpha_s(MZ) from param_card is used
 Value of alpha_s from param_card:   0.11800000071525575     
 The default order of alpha_s running is fixed to            2
 *****************************************************
 *               MadGraph/MadEvent                   *
 *        --------------------------------           *
 *          http://madgraph.hep.uiuc.edu             *
 *          http://madgraph.phys.ucl.ac.be           *
 *          http://madgraph.roma2.infn.it            *
 *        --------------------------------           *
 *                                                   *
 *          PARAMETER AND COUPLING VALUES            *
 *                                                   *
 *****************************************************

  External Params
  ---------------------------------
  
 aEWM1 =    132.50700378417969     
 mdl_Gf =    1.1663900000000000E-005
 aS =   0.11800000071525575     
 mdl_ymb =    4.6999998092651367     
 mdl_ymt =    173.00000000000000     
 mdl_ymtau =    1.7769999504089355     
 mdl_MZ =    91.188003540039063     
 mdl_MT =    173.00000000000000     
 mdl_MB =    4.6999998092651367     
 mdl_MH =    125.00000000000000     
 mdl_MTA =    1.7769999504089355     
 mdl_WZ =    2.4414041042327881     
 mdl_WW =    2.0476000308990479     
 mdl_WT =    1.4915000200271606     
 mdl_WH =    6.3823391683399677E-003
  Internal Params
  ---------------------------------
  
 mdl_conjg__CKM3x3 =    1.0000000000000000     
 mdl_CKM3x3 =    1.0000000000000000     
 mdl_conjg__CKM1x1 =    1.0000000000000000     
 mdl_complexi =  (  0.0000000000000000     ,  1.0000000000000000     )
 mdl_MZ__exp__2 =    8315.2519896181766     
 mdl_MZ__exp__4 =    69143415.650849044     
 mdl_sqrt__2 =    1.4142135623730951     
 mdl_MH__exp__2 =    15625.000000000000     
 mdl_aEW =    7.5467708984556505E-003
 mdl_MW =    80.419007276179556     
 mdl_sqrt__aEW =    8.6872152606319419E-002
 mdl_ee =   0.30795376284704501     
 mdl_MW__exp__2 =    6467.2167312862202     
 mdl_sw2 =   0.22224645274001076     
 mdl_cw =   0.88190336616887299     
 mdl_sqrt__sw2 =   0.47143022043565552     
 mdl_sw =   0.47143022043565552     
 mdl_g1 =   0.34919218438279087     
 mdl_gw =   0.65323296958447097     
 mdl_vev =    246.21845810181631     
 mdl_vev__exp__2 =    60623.529110035874     
 mdl_lam =   0.12886910601690271     
 mdl_yb =    2.6995553154934990E-002
 mdl_yt =   0.99366614581500645     
 mdl_ytau =    1.0206616715816789E-002
 mdl_muH =    88.388347648318444     
 mdl_I1x33 =  (  2.6995553154934990E-002,  0.0000000000000000     )
 mdl_I2x33 =  ( 0.99366614581500645     ,  0.0000000000000000     )
 mdl_I3x33 =  ( 0.99366614581500645     ,  0.0000000000000000     )
 mdl_I4x33 =  (  2.6995553154934990E-002,  0.0000000000000000     )
 mdl_ee__exp__2 =    9.4835520051654035E-002
 mdl_sw__exp__2 =   0.22224645274001076     
 mdl_cw__exp__2 =   0.77775354725998924     
  Internal Params evaluated point by point
  ----------------------------------------
  
 mdl_sqrt__aS =   0.34351128178744839     
 mdl_G__exp__2 =    1.4828317414825511     
  Couplings of sm
  ---------------------------------
  
         GC_3 =  -0.00000E+00  -0.30795E+00
         GC_4 =   0.00000E+00   0.30795E+00
        GC_50 =  -0.00000E+00  -0.28804E+00
        GC_53 =   0.00000E+00   0.57609E+00
        GC_59 =   0.00000E+00   0.82310E-01
       GC_100 =   0.00000E+00   0.46191E+00

 Collider parameters:
 --------------------

 Running at e e   machine @    796.00000000000000       GeV
 PDF set = none   
 alpha_s(Mz)= 0.1180 running at 2 loops.
 alpha_s(Mz)= 0.1180 running at 2 loops.
 Renormalization scale set on event-by-event basis
 Factorization   scale set on event-by-event basis


 getting user params
Enter number of events and max and min iterations: 
 Number of events and iterations         2000           9           3
Enter desired fractional accuracy: 
 Desired fractional accuracy:   -1200.9000000000001     
Enter 0 for fixed, 2 for adjustable grid: 
Suppress amplitude (0 no, 1 yes)? 
 Using suppressed amplitude.
Exact helicity sum (0 yes, n = number/event)? 
 Explicitly summing over helicities
Enter Configuration Number: 
Running Configuration Number:    3
 Not subdividing B.W.
 Attempting mappinvarients           1           4
 Completed mapping           4
 about to integrate            2        2000           9           3           2           1
 Using non-zero grid deformation.
  2 dimensions   2000 events  2 invarients  9 iterations  1 config(s),  (0.99)
 Using h-tuple random number sequence.
 Error opening grid
 Using Uniform Grid!
 Using uniform alpha   1.0000000000000000     
 Grid defined OK
 Set CM energy to        796.00
 Mapping Graph           3  to config           3
Setting grid   1    0.10207E-01   1
 Masses: 0.000E+00 0.000E+00 0.804E+02 0.804E+02
   3   1   2
 Got moffset          25
Using random seed offsets     3 :      1
  with seed                   27
 Ranmar initialization seeds        4637       28165
  Particle       3       4
      Et >     0.0     0.0
       E >     0.0     0.0
     Eta <    -1.0    -1.0
   xqcut:      0.0     0.0
d R # 3  >    -0.0     0.0
s min # 3>     0.0     0.0
xqcutij # 3>     0.0     0.0
 alpha_s for scale    19.949937343260004       is   0.15336344240298577     
 Added good helicity           11   1.5820429289991689E-003  in event            1
 Added good helicity           13   1.2207734077188307E-006  in event            1
 Added good helicity           14   2.2415990303104433E-003  in event            1
 Added good helicity           15   1.5820429289991689E-003  in event            1
 Added good helicity           17   1.2207734077188307E-006  in event            1
 Added good helicity           19   3.4225623591792632E-003  in event            1
 Added good helicity           20   2.0027784173305044E-002  in event            1
 Added good helicity           21   2.7666707226539355E-002  in event            1
 Added good helicity           22   3.2791049709322548E-002  in event            1
 Added good helicity           23   1.8764481914800664E-004  in event            1
 Added good helicity           24   2.0027784173305037E-002  in event            1
 Added good helicity           25   35.854252934806325       in event            1
 Added good helicity           26   3.2791049709322027E-002  in event            1
 Added good helicity           27   3.4225623591792641E-003  in event            1
 Added good helicity           10   6.0893741139034566E-004  in event            2
 Added good helicity           18   6.0893741139034566E-004  in event            2
 Iteration  1   Mean: 0.2517E+01 Abs mean: 0.2517E+01   Fluctuation:  0.333E+00   0.494E+03   100.0%
  1    0.2517E+01 0.2517E+01 +- 0.3328E+00      5.91
 Writing out events   1.3980667510984067E-004   5.9138635865704483     
 Relative summed weights:
  0.1000E+01  0.0000E+00
 Relative number of events:
  0.1000E+01  0.0000E+00
 Events:
        2000           0
 Iteration  2   Mean: 0.2652E+01 Abs mean: 0.2652E+01   Fluctuation:  0.175E+00   0.242E+03    99.9%
  2    0.2652E+01 0.2652E+01 +- 0.1751E+00      4.18
 Relative summed weights:
  0.1000E+01  0.0000E+00
 Relative number of events:
  0.1000E+01  0.0000E+00
 Events:
        4000           0
 Iteration  3   Mean: 0.2736E+01 Abs mean: 0.2736E+01   Fluctuation:  0.433E-01   0.387E+02    99.5%
  3    0.2736E+01 0.2736E+01 +- 0.4333E-01      1.42
 Relative summed weights:
  0.1000E+01  0.0000E+00
 Relative number of events:
  0.1000E+01  0.0000E+00
 Events:
        8000           0
 Found          814  events.
 Wrote          809  events.
 Actual xsec    2.7287952192671288     
 Correct abs xsec    2.7287952192671288     
 Event xsec    2.7287952192671345     
 Events wgts > 1:           45
 % Cross section > 1:    1.9512880998577967E-002  0.71507311581330346     
 Checking number of events   3277.0101788178954              809  chi2:   0.31483729248022763     
 Found          814  events.
 Wrote          809  events.
 Actual xsec    2.7287952192671288     
 Correct abs xsec    2.7287952192671288     
 Event xsec    2.7287952192671345     
 Events wgts > 1:           45
 % Cross section > 1:    1.9512880998577967E-002  0.71507311581330346     
 Iteration  4   Mean: 0.2736E+01 Abs mean: 0.2736E+01   Fluctuation:  0.189E-01   0.200E+02    99.7%
  4    0.2736E+01 0.2736E+01 +- 0.1889E-01      0.87
 Relative summed weights:
  0.1000E+01  0.0000E+00
 Relative number of events:
  0.1000E+01  0.0000E+00
 Events:
       16000           0
 Found         1587  events.
 Wrote         1582  events.
 Actual xsec    2.7352134966018271     
 Correct abs xsec    2.7352134966018271     
 Event xsec    2.7352134966018471     
 Events wgts > 1:            0
 % Cross section > 1:    0.0000000000000000        0.0000000000000000     
 Checking number of events   3284.7178880691345             1582  chi2:   0.11431272913447127     
 Found         1587  events.
 Wrote         1582  events.
 Actual xsec    2.7352134966018271     
 Correct abs xsec    2.7352134966018271     
 Event xsec    2.7352134966018471     
 Events wgts > 1:            0
 % Cross section > 1:    0.0000000000000000        0.0000000000000000     
 Iteration  5   Mean: 0.2725E+01 Abs mean: 0.2725E+01   Fluctuation:  0.829E-02   0.101E+02    99.5%
  5    0.2725E+01 0.2725E+01 +- 0.8285E-02      0.54
 Relative summed weights:
  0.1000E+01  0.0000E+00
 Relative number of events:
  0.1000E+01  0.0000E+00
 Events:
       32000           0
 Found         3166  events.
 Wrote         3161  events.
 Actual xsec    2.7267428423137838     
 Correct abs xsec    2.7267428423137838     
 Event xsec    2.7267428423137914     
 Events wgts > 1:            0
 % Cross section > 1:    0.0000000000000000        0.0000000000000000     
 Checking number of events   3274.5454793346235             3161  chi2:   0.17542997121165999     
 Found         3166  events.
 Wrote         3161  events.
 Actual xsec    2.7267428423137838     
 Correct abs xsec    2.7267428423137838     
 Event xsec    2.7267428423137914     
 Events wgts > 1:            0
 % Cross section > 1:    0.0000000000000000        0.0000000000000000     
 Iteration  6   Mean: 0.2734E+01 Abs mean: 0.2734E+01   Fluctuation:  0.395E-02   0.685E+01    99.7%
  6    0.2734E+01 0.2734E+01 +- 0.3955E-02      0.37
 Relative summed weights:
  0.1000E+01  0.0000E+00
 Relative number of events:
  0.1000E+01  0.0000E+00
 Events:
       64000           0
 Found         6420  events.
 Wrote         6415  events.
 Actual xsec    2.7327031702278677     
 Correct abs xsec    2.7327031702278677     
 Event xsec    2.7327031702276758     
 Events wgts > 1:            0
 % Cross section > 1:    0.0000000000000000        0.0000000000000000     
 Checking number of events   3281.7032371266464             6415  chi2:   0.58281983603962217     

 -------------------------------------------------------------------------------
 Accumulated results:   Integral =  0.2733E+01
                        Std dev  =  0.3495E-02
                       Cross sec =  0.3451E+00
             Chi**2 per DoF.     =
-------------------------------------------------
---------------------------
 Results Last   3 iters: Integral =   0.2733E+01
                     Abs integral =   0.2733E+01
                          Std dev =   0.3507E-02
                  Chi**2 per DoF. =      0.5828
-------------------------------------------------
---------------------------
 Status  -1200.9000000000001                7           9
 We found enough events        6415   3281.7032371266464     

ls status:
events.lhe
ftn25
ftn26
input_sg.txt
moffset.dat
results.dat
run1_app.log
